[debug] [2025-04-22T19:14:06.760Z] ----------------------------------------------------------------------
[debug] [2025-04-22T19:14:06.763Z] Command:       C:\Program Files\nodejs\node.exe C:\Users\Vikram\AppData\Roaming\npm\node_modules\firebase-tools\lib\bin\firebase.js init emulators
[debug] [2025-04-22T19:14:06.763Z] CLI Version:   13.29.1
[debug] [2025-04-22T19:14:06.763Z] Platform:      win32
[debug] [2025-04-22T19:14:06.763Z] Node Version:  v23.6.0
[debug] [2025-04-22T19:14:06.764Z] Time:          Tue Apr 22 2025 13:14:06 GMT-0600 (Mountain Daylight Time)
[debug] [2025-04-22T19:14:06.764Z] ----------------------------------------------------------------------
[debug] 
[debug] [2025-04-22T19:14:06.767Z] >>> [apiv2][query] GET https://firebase-public.firebaseio.com/cli.json [none]
[debug] [2025-04-22T19:14:06.809Z] > command requires scopes: ["email","openid","https://www.googleapis.com/auth/cloudplatformprojects.readonly","https://www.googleapis.com/auth/firebase","https://www.googleapis.com/auth/cloud-platform"]
[debug] [2025-04-22T19:14:06.810Z] > authorizing via signed-in user (vikcanada90@gmail.com)
[info] 
     ######## #### ########  ######## ########     ###     ######  ########
     ##        ##  ##     ## ##       ##     ##  ##   ##  ##       ##
     ######    ##  ########  ######   ########  #########  ######  ######
     ##        ##  ##    ##  ##       ##     ## ##     ##       ## ##
     ##       #### ##     ## ######## ########  ##     ##  ######  ########

You're about to initialize a Firebase project in this directory:

  C:\Users\Vikram\Desktop\TUBO\tubo

[debug] [2025-04-22T19:14:07.449Z] <<< [apiv2][status] GET https://firebase-public.firebaseio.com/cli.json 200
[debug] [2025-04-22T19:14:07.449Z] <<< [apiv2][body] GET https://firebase-public.firebaseio.com/cli.json {"cloudBuildErrorAfter":1594252800000,"cloudBuildWarnAfter":1590019200000,"defaultNode10After":1594252800000,"minVersion":"3.0.5","node8DeploysDisabledAfter":1613390400000,"node8RuntimeDisabledAfter":1615809600000,"node8WarnAfter":1600128000000}
[info] 
=== Project Setup
[info] 
[info] First, let's associate this project directory with a Firebase project.
[info] You can create multiple project aliases by running firebase use --add, 
[info] but for now we'll just set up a default project.
[info] 
